{
  "stats": {
    "suites": 12,
    "tests": 12,
    "passes": 11,
    "pending": 0,
    "failures": 1,
    "start": "2022-03-29T20:21:44.872Z",
    "end": "2022-03-29T20:22:50.733Z",
    "duration": 65861,
    "testsRegistered": 12,
    "passPercent": 91.66666666666666,
    "pendingPercent": 0,
    "other": 0,
    "hasOther": false,
    "skipped": 0,
    "hasSkipped": false
  },
  "results": [
    {
      "uuid": "c8607d94-8b5b-4a5c-8f14-e1653880c828",
      "title": "",
      "fullFile": "cypress/integration/project.spec.js",
      "file": "cypress/integration/project.spec.js",
      "beforeHooks": [],
      "afterHooks": [],
      "tests": [],
      "suites": [
        {
          "uuid": "140fddd1-53aa-4c6a-80a3-2e0cfc828adf",
          "title": "Shopping Cart Project",
          "fullFile": "",
          "file": "",
          "beforeHooks": [],
          "afterHooks": [],
          "tests": [],
          "suites": [
            {
              "uuid": "810e300e-eee8-462b-a1e9-7f290c8bb60b",
              "title": "1 - Crie uma listagem de produtos",
              "fullFile": "",
              "file": "",
              "beforeHooks": [],
              "afterHooks": [],
              "tests": [
                {
                  "title": "Listagem de produtos",
                  "fullTitle": "Shopping Cart Project 1 - Crie uma listagem de produtos Listagem de produtos",
                  "timedOut": null,
                  "duration": 652,
                  "state": "passed",
                  "speed": "slow",
                  "pass": true,
                  "fail": false,
                  "pending": false,
                  "context": null,
                  "code": "cy.get(ITEM_SELECTOR).should('exist').should('have.length', results.length);",
                  "err": {},
                  "uuid": "efa228bc-2ffe-403c-a179-bc474fd587d7",
                  "parentUUID": "810e300e-eee8-462b-a1e9-7f290c8bb60b",
                  "isHook": false,
                  "skipped": false
                }
              ],
              "suites": [],
              "passes": [
                "efa228bc-2ffe-403c-a179-bc474fd587d7"
              ],
              "failures": [],
              "pending": [],
              "skipped": [],
              "duration": 652,
              "root": false,
              "rootEmpty": false,
              "_timeout": 2000
            },
            {
              "uuid": "b9082c17-b4e8-4a8f-bfc5-a525d769f3af",
              "title": "2 - Adicione o produto ao carrinho de compras",
              "fullFile": "",
              "file": "",
              "beforeHooks": [],
              "afterHooks": [],
              "tests": [
                {
                  "title": "Adicione o produto ao carrinho de compras",
                  "fullTitle": "Shopping Cart Project 2 - Adicione o produto ao carrinho de compras Adicione o produto ao carrinho de compras",
                  "timedOut": null,
                  "duration": 1500,
                  "state": "passed",
                  "speed": "slow",
                  "pass": true,
                  "fail": false,
                  "pending": false,
                  "context": null,
                  "code": "cy.wait(1000);\naddToCart(36);\ncountCart(1);\nconsole.log(results[36].id, results[36].title);\ncy.get(CART_ITEMS).children().first().should('have.text', \"SKU: \".concat(results[36].id, \" | NAME: \").concat(results[36].title, \" | PRICE: $\").concat(results[36].price));",
                  "err": {},
                  "uuid": "dd23cebb-3ecd-44aa-b43b-f0c04830486e",
                  "parentUUID": "b9082c17-b4e8-4a8f-bfc5-a525d769f3af",
                  "isHook": false,
                  "skipped": false
                }
              ],
              "suites": [],
              "passes": [
                "dd23cebb-3ecd-44aa-b43b-f0c04830486e"
              ],
              "failures": [],
              "pending": [],
              "skipped": [],
              "duration": 1500,
              "root": false,
              "rootEmpty": false,
              "_timeout": 2000
            },
            {
              "uuid": "5d4aa9dc-5861-4334-bdb5-6d1c1757bfc9",
              "title": "3 - Remova o item do carrinho de compras ao clicar nele",
              "fullFile": "",
              "file": "",
              "beforeHooks": [],
              "afterHooks": [],
              "tests": [
                {
                  "title": "Remova o item do carrinho de compras ao clicar nele",
                  "fullTitle": "Shopping Cart Project 3 - Remova o item do carrinho de compras ao clicar nele Remova o item do carrinho de compras ao clicar nele",
                  "timedOut": null,
                  "duration": 1031,
                  "state": "passed",
                  "speed": "slow",
                  "pass": true,
                  "fail": false,
                  "pending": false,
                  "context": null,
                  "code": "addToCart(29);\naddToCart(31);\naddToCart(15);\ncy.get(CART_ITEMS).children().eq(1).click();\ncountCart(2);\ncy.get(CART_ITEMS).children().eq(1).click();\ncountCart(1);\ncy.get(CART_ITEMS).children().eq(0).click();\ncountCart(0);",
                  "err": {},
                  "uuid": "8c47bf55-565f-4c0e-89e2-cb97c116ca5e",
                  "parentUUID": "5d4aa9dc-5861-4334-bdb5-6d1c1757bfc9",
                  "isHook": false,
                  "skipped": false
                }
              ],
              "suites": [],
              "passes": [
                "8c47bf55-565f-4c0e-89e2-cb97c116ca5e"
              ],
              "failures": [],
              "pending": [],
              "skipped": [],
              "duration": 1031,
              "root": false,
              "rootEmpty": false,
              "_timeout": 2000
            },
            {
              "uuid": "d93dea6e-d701-4c3d-8df8-dd9f6f8673ac",
              "title": "4 - Carregue o carrinho de compras através do **LocalStorage** ao iniciar a página",
              "fullFile": "",
              "file": "",
              "beforeHooks": [],
              "afterHooks": [],
              "tests": [
                {
                  "title": "Carregue o carrinho de compras através do **LocalStorage** ao iniciar a página",
                  "fullTitle": "Shopping Cart Project 4 - Carregue o carrinho de compras através do **LocalStorage** ao iniciar a página Carregue o carrinho de compras através do **LocalStorage** ao iniciar a página",
                  "timedOut": null,
                  "duration": 2893,
                  "state": "passed",
                  "speed": "slow",
                  "pass": true,
                  "fail": false,
                  "pending": false,
                  "context": null,
                  "code": "var first = 36;\nvar last = 29;\naddToCart(first);\ncy.wait(1000);\ncountCart(1);\ncy.get(CART_ITEMS).children().first().should('have.text', \"SKU: \".concat(results[first].id, \" | NAME: \").concat(results[first].title, \" | PRICE: $\").concat(results[first].price));\naddToCart(last);\ncy.wait(1000);\ncy.get(CART_ITEMS).children().last().should('have.text', \"SKU: \".concat(results[last].id, \" | NAME: \").concat(results[last].title, \" | PRICE: $\").concat(results[last].price));\ncy.reload({\n  onBeforeLoad: function onBeforeLoad(win) {\n    win.fetch = fetchMock;\n  }\n});\ncy.get(CART_ITEMS).children().first().should('have.text', \"SKU: \".concat(results[first].id, \" | NAME: \").concat(results[first].title, \" | PRICE: $\").concat(results[first].price));\ncy.get(CART_ITEMS).children().last().should('have.text', \"SKU: \".concat(results[last].id, \" | NAME: \").concat(results[last].title, \" | PRICE: $\").concat(results[last].price));",
                  "err": {},
                  "uuid": "2f631ab5-4f30-43e9-a544-07f4186f636e",
                  "parentUUID": "d93dea6e-d701-4c3d-8df8-dd9f6f8673ac",
                  "isHook": false,
                  "skipped": false
                },
                {
                  "title": "Deverá ser possível remover items do carrinho ao clicar sobre eles mesmo após recarregar a página",
                  "fullTitle": "Shopping Cart Project 4 - Carregue o carrinho de compras através do **LocalStorage** ao iniciar a página Deverá ser possível remover items do carrinho ao clicar sobre eles mesmo após recarregar a página",
                  "timedOut": null,
                  "duration": 1025,
                  "state": "passed",
                  "speed": "slow",
                  "pass": true,
                  "fail": false,
                  "pending": false,
                  "context": null,
                  "code": "addToCart(29);\naddToCart(31);\naddToCart(15);\ncy.reload({\n  onBeforeLoad: function onBeforeLoad(win) {\n    win.fetch = fetchMock;\n  }\n});\ncy.get(CART_ITEMS).children().eq(1).click();\ncountCart(2);\ncy.get(CART_ITEMS).children().eq(1).click();\ncountCart(1);\ncy.get(CART_ITEMS).children().eq(0).click();\ncountCart(0);",
                  "err": {},
                  "uuid": "8ae779f7-e509-4478-a279-7c21b1d1e2ab",
                  "parentUUID": "d93dea6e-d701-4c3d-8df8-dd9f6f8673ac",
                  "isHook": false,
                  "skipped": false
                }
              ],
              "suites": [],
              "passes": [
                "2f631ab5-4f30-43e9-a544-07f4186f636e",
                "8ae779f7-e509-4478-a279-7c21b1d1e2ab"
              ],
              "failures": [],
              "pending": [],
              "skipped": [],
              "duration": 3918,
              "root": false,
              "rootEmpty": false,
              "_timeout": 2000
            },
            {
              "uuid": "99f12eb2-e8af-4afc-9580-8e9cfeab11f1",
              "title": "5 - Calcule o valor total dos itens do carrinho de compras de forma assíncrona",
              "fullFile": "",
              "file": "",
              "beforeHooks": [],
              "afterHooks": [],
              "tests": [
                {
                  "title": "Calcule o valor total dos itens do carrinho de compras de forma assíncrona",
                  "fullTitle": "Shopping Cart Project 5 - Calcule o valor total dos itens do carrinho de compras de forma assíncrona Calcule o valor total dos itens do carrinho de compras de forma assíncrona",
                  "timedOut": null,
                  "duration": 5723,
                  "state": "failed",
                  "speed": null,
                  "pass": false,
                  "fail": true,
                  "pending": false,
                  "context": null,
                  "code": "cy.visit(PROJECT_URL, {\n  onBeforeLoad: function onBeforeLoad(win) {\n    win.fetch = fetchMock;\n  }\n});\naddToCart(5);\ncheckPrice(results, [5]);\naddToCart(42);\ncheckPrice(results, [5, 42]);\naddToCart(36);\ncheckPrice(results, [5, 42, 36]);\naddToCart(15);\ncheckPrice(results, [5, 42, 36, 15]);\ncy.get(CART_ITEMS).children().eq(1).click();\ncheckPrice(results, [5, 36, 15]);",
                  "err": {
                    "message": "AssertionError: Timed out retrying: expected '<p.total-price>' to have text '1799', but the text was 'R$ 1799'",
                    "estack": "AssertionError: Timed out retrying: expected '<p.total-price>' to have text '1799', but the text was 'R$ 1799'\n    at applyChainer (http://localhost:33337/__cypress/runner/cypress_runner.js:131707:32)\n    at http://localhost:33337/__cypress/runner/cypress_runner.js:131748:16\n    at arrayReduce (http://localhost:33337/__cypress/runner/cypress_runner.js:18403:21)\n    at Function.reduce (http://localhost:33337/__cypress/runner/cypress_runner.js:27401:14)\n    at applyChainers (http://localhost:33337/__cypress/runner/cypress_runner.js:131738:18)\n    at tryCatcher (http://localhost:33337/__cypress/runner/cypress_runner.js:9059:23)\n    at Function.Promise.attempt.Promise.try (http://localhost:33337/__cypress/runner/cypress_runner.js:6333:29)\n    at Context.shouldFn (http://localhost:33337/__cypress/runner/cypress_runner.js:131752:23)\n    at Context.should (http://localhost:33337/__cypress/runner/cypress_runner.js:131767:23)\n    at http://localhost:33337/__cypress/runner/cypress_runner.js:127819:39\n    at assertions (http://localhost:33337/__cypress/runner/cypress_runner.js:128079:14)\n    at tryCatcher (http://localhost:33337/__cypress/runner/cypress_runner.js:9059:23)\n    at Object.gotValue (http://localhost:33337/__cypress/runner/cypress_runner.js:8203:18)\n    at Object.gotAccum (http://localhost:33337/__cypress/runner/cypress_runner.js:8190:25)\n    at Object.tryCatcher (http://localhost:33337/__cypress/runner/cypress_runner.js:9059:23)\n    at Promise._settlePromiseFromHandler (http://localhost:33337/__cypress/runner/cypress_runner.js:6994:31)",
                    "diff": "- 'R$ 1799'\n+ '1799'\n"
                  },
                  "uuid": "8cc375e5-31e2-4427-ba19-929a1fa8a71d",
                  "parentUUID": "99f12eb2-e8af-4afc-9580-8e9cfeab11f1",
                  "isHook": false,
                  "skipped": false
                }
              ],
              "suites": [],
              "passes": [],
              "failures": [
                "8cc375e5-31e2-4427-ba19-929a1fa8a71d"
              ],
              "pending": [],
              "skipped": [],
              "duration": 5723,
              "root": false,
              "rootEmpty": false,
              "_timeout": 2000
            },
            {
              "uuid": "fd8bcb96-978a-4739-b927-d64c22652e91",
              "title": "6 - Crie um botão para limpar carrinho de compras",
              "fullFile": "",
              "file": "",
              "beforeHooks": [],
              "afterHooks": [],
              "tests": [
                {
                  "title": "Botão para limpar carrinho de compras",
                  "fullTitle": "Shopping Cart Project 6 - Crie um botão para limpar carrinho de compras Botão para limpar carrinho de compras",
                  "timedOut": null,
                  "duration": 1408,
                  "state": "passed",
                  "speed": "slow",
                  "pass": true,
                  "fail": false,
                  "pending": false,
                  "context": null,
                  "code": "addToCart(3);\naddToCart(0);\naddToCart(1);\ncountCart(3);\ncy.get(EMPTY_CART_BUTTON).click();\ncountCart(0);",
                  "err": {},
                  "uuid": "2c76227b-2cc6-4e6c-820d-6e85272efdca",
                  "parentUUID": "fd8bcb96-978a-4739-b927-d64c22652e91",
                  "isHook": false,
                  "skipped": false
                }
              ],
              "suites": [],
              "passes": [
                "2c76227b-2cc6-4e6c-820d-6e85272efdca"
              ],
              "failures": [],
              "pending": [],
              "skipped": [],
              "duration": 1408,
              "root": false,
              "rootEmpty": false,
              "_timeout": 2000
            },
            {
              "uuid": "28fdb026-1b3d-46ad-9e40-b5180d3afbd4",
              "title": "7 - Adicione um texto de `carregando` durante uma requisição à API",
              "fullFile": "",
              "file": "",
              "beforeHooks": [],
              "afterHooks": [],
              "tests": [
                {
                  "title": "Adicionar um texto de \"carregando\" durante uma requisição à API",
                  "fullTitle": "Shopping Cart Project 7 - Adicione um texto de `carregando` durante uma requisição à API Adicionar um texto de \"carregando\" durante uma requisição à API",
                  "timedOut": null,
                  "duration": 3417,
                  "state": "passed",
                  "speed": "slow",
                  "pass": true,
                  "fail": false,
                  "pending": false,
                  "context": null,
                  "code": "cy.visit(PROJECT_URL);\ncy.get(LOADING).should('exist').wait(3000).should('not.exist');",
                  "err": {},
                  "uuid": "4ff72115-195f-4861-871f-fbcbb77fb7e3",
                  "parentUUID": "28fdb026-1b3d-46ad-9e40-b5180d3afbd4",
                  "isHook": false,
                  "skipped": false
                }
              ],
              "suites": [],
              "passes": [
                "4ff72115-195f-4861-871f-fbcbb77fb7e3"
              ],
              "failures": [],
              "pending": [],
              "skipped": [],
              "duration": 3417,
              "root": false,
              "rootEmpty": false,
              "_timeout": 2000
            },
            {
              "uuid": "7ca295b6-4a59-4404-a011-aafed4714f0a",
              "title": "8 - Desenvolva testes para atingir 25% de cobertura total e 100% da função fetchProducts",
              "fullFile": "",
              "file": "",
              "beforeHooks": [],
              "afterHooks": [],
              "tests": [
                {
                  "title": "Verifica a cobertura de testes unitários",
                  "fullTitle": "Shopping Cart Project 8 - Desenvolva testes para atingir 25% de cobertura total e 100% da função fetchProducts Verifica a cobertura de testes unitários",
                  "timedOut": null,
                  "duration": 12825,
                  "state": "passed",
                  "speed": "slow",
                  "pass": true,
                  "fail": false,
                  "pending": false,
                  "context": null,
                  "code": "cy.exec('npm run test:coverage -- --coverageReporters=\"json-summary\" --testFailureExitCode=0 && npm run serialize');\ncy.readFile('coverage/coverage-summary.json').its('total.functions.pct').should('be.gte', 25.00);\ncy.readFile('coverage/coverage-summary.json').its('fetchProducts.functions.pct').should('be.gte', 100.00);\ncy.readFile('coverage/coverage-summary.json').its('fetchProducts.lines.pct').should('be.gte', 100.00);",
                  "err": {},
                  "uuid": "a858fa4a-fde6-4460-b581-42ab2dab2fdf",
                  "parentUUID": "7ca295b6-4a59-4404-a011-aafed4714f0a",
                  "isHook": false,
                  "skipped": false
                }
              ],
              "suites": [],
              "passes": [
                "a858fa4a-fde6-4460-b581-42ab2dab2fdf"
              ],
              "failures": [],
              "pending": [],
              "skipped": [],
              "duration": 12825,
              "root": false,
              "rootEmpty": false,
              "_timeout": 2000
            },
            {
              "uuid": "cf4ddede-eda4-4754-b61f-49bda2741434",
              "title": "9 - Desenvolva testes para atingir 50% de cobertura total e 100% da função fetchItem",
              "fullFile": "",
              "file": "",
              "beforeHooks": [],
              "afterHooks": [],
              "tests": [
                {
                  "title": "Verifica a cobertura de testes unitários",
                  "fullTitle": "Shopping Cart Project 9 - Desenvolva testes para atingir 50% de cobertura total e 100% da função fetchItem Verifica a cobertura de testes unitários",
                  "timedOut": null,
                  "duration": 11247,
                  "state": "passed",
                  "speed": "slow",
                  "pass": true,
                  "fail": false,
                  "pending": false,
                  "context": null,
                  "code": "cy.exec('npm run test:coverage -- --coverageReporters=\"json-summary\" --testFailureExitCode=0 && npm run serialize');\ncy.readFile('coverage/coverage-summary.json').its('total.functions.pct').should('be.gte', 50.00);\ncy.readFile('coverage/coverage-summary.json').its('fetchItem.functions.pct').should('be.gte', 100.00);\ncy.readFile('coverage/coverage-summary.json').its('fetchItem.lines.pct').should('be.gte', 100.00);",
                  "err": {},
                  "uuid": "52db4bfb-e9ed-408e-9a51-4908443f6b10",
                  "parentUUID": "cf4ddede-eda4-4754-b61f-49bda2741434",
                  "isHook": false,
                  "skipped": false
                }
              ],
              "suites": [],
              "passes": [
                "52db4bfb-e9ed-408e-9a51-4908443f6b10"
              ],
              "failures": [],
              "pending": [],
              "skipped": [],
              "duration": 11247,
              "root": false,
              "rootEmpty": false,
              "_timeout": 2000
            },
            {
              "uuid": "d4a50e87-acab-47c2-a6fd-a3202e05c149",
              "title": "10 - Desenvolva testes para atingir 75% de cobertura total e 100% da função saveCartItems",
              "fullFile": "",
              "file": "",
              "beforeHooks": [],
              "afterHooks": [],
              "tests": [
                {
                  "title": "Verifica a cobertura de testes unitários",
                  "fullTitle": "Shopping Cart Project 10 - Desenvolva testes para atingir 75% de cobertura total e 100% da função saveCartItems Verifica a cobertura de testes unitários",
                  "timedOut": null,
                  "duration": 12266,
                  "state": "passed",
                  "speed": "slow",
                  "pass": true,
                  "fail": false,
                  "pending": false,
                  "context": null,
                  "code": "cy.exec('npm run test:coverage -- --coverageReporters=\"json-summary\" --testFailureExitCode=0 && npm run serialize');\ncy.readFile('coverage/coverage-summary.json').its('total.functions.pct').should('be.gte', 75.00);\ncy.readFile('coverage/coverage-summary.json').its('saveCartItems.functions.pct').should('be.gte', 100.00);\ncy.readFile('coverage/coverage-summary.json').its('saveCartItems.lines.pct').should('be.gte', 100.00);",
                  "err": {},
                  "uuid": "e79494fc-9aba-4f7c-86fb-db3acefcdaf4",
                  "parentUUID": "d4a50e87-acab-47c2-a6fd-a3202e05c149",
                  "isHook": false,
                  "skipped": false
                }
              ],
              "suites": [],
              "passes": [
                "e79494fc-9aba-4f7c-86fb-db3acefcdaf4"
              ],
              "failures": [],
              "pending": [],
              "skipped": [],
              "duration": 12266,
              "root": false,
              "rootEmpty": false,
              "_timeout": 2000
            },
            {
              "uuid": "ad482d57-264e-47f4-a23d-d39793e535b3",
              "title": "11 - Desenvolva testes para atingir 100% de cobertura total e 100% da função getSavedCartItems",
              "fullFile": "",
              "file": "",
              "beforeHooks": [],
              "afterHooks": [],
              "tests": [
                {
                  "title": "Verifica a cobertura de testes unitários",
                  "fullTitle": "Shopping Cart Project 11 - Desenvolva testes para atingir 100% de cobertura total e 100% da função getSavedCartItems Verifica a cobertura de testes unitários",
                  "timedOut": null,
                  "duration": 11401,
                  "state": "passed",
                  "speed": "slow",
                  "pass": true,
                  "fail": false,
                  "pending": false,
                  "context": null,
                  "code": "cy.exec('npm run test:coverage -- --coverageReporters=\"json-summary\" --testFailureExitCode=0 && npm run serialize');\ncy.readFile('coverage/coverage-summary.json').its('total.functions.pct').should('be.gte', 100.00);\ncy.readFile('coverage/coverage-summary.json').its('getSavedCartItems.functions.pct').should('be.gte', 100.00);\ncy.readFile('coverage/coverage-summary.json').its('getSavedCartItems.lines.pct').should('be.gte', 100.00);",
                  "err": {},
                  "uuid": "43018ac1-60a0-4952-a438-acc4c8cf1465",
                  "parentUUID": "ad482d57-264e-47f4-a23d-d39793e535b3",
                  "isHook": false,
                  "skipped": false
                }
              ],
              "suites": [],
              "passes": [
                "43018ac1-60a0-4952-a438-acc4c8cf1465"
              ],
              "failures": [],
              "pending": [],
              "skipped": [],
              "duration": 11401,
              "root": false,
              "rootEmpty": false,
              "_timeout": 2000
            }
          ],
          "passes": [],
          "failures": [],
          "pending": [],
          "skipped": [],
          "duration": 0,
          "root": false,
          "rootEmpty": false,
          "_timeout": 2000
        }
      ],
      "passes": [],
      "failures": [],
      "pending": [],
      "skipped": [],
      "duration": 0,
      "root": true,
      "rootEmpty": true,
      "_timeout": 2000
    }
  ],
  "meta": {
    "mocha": {
      "version": "7.1.1"
    },
    "mochawesome": {
      "options": {
        "quiet": false,
        "reportFilename": "mochawesome",
        "saveHtml": false,
        "saveJson": true,
        "consoleReporter": "spec",
        "useInlineDiffs": false,
        "code": true
      },
      "version": "5.0.0"
    },
    "marge": {
      "options": {
        "id": "default",
        "reportDir": "cypress/reports",
        "overwrite": true,
        "html": false,
        "json": true
      },
      "version": "4.1.0"
    }
  }
}